2023-05-12 16:56:46,503 Bounding box of Image-1 has been predicted with an accuracy of 0.911000 and the detected Number plate text is MH20BY3665
2023-05-12 16:56:46,909 Bounding box of Image-2 has been predicted with an accuracy of 0.909379 and the detected Number plate text is MH14EU3498
2023-05-12 16:56:47,396 Bounding box of Image-3 has been predicted with an accuracy of 0.905078 and the detected Number plate text is RBUED
2023-05-12 16:56:47,704 No Number Plate found in Image-4
2023-05-12 16:59:43,536 Bounding box of Image-1 has been predicted with an accuracy of 0.911000 and the detected Number plate text is MH20BY3665
2023-05-12 16:59:43,912 Bounding box of Image-2 has been predicted with an accuracy of 0.909379 and the detected Number plate text is MH14EU3498
2023-05-12 16:59:44,312 Bounding box of Image-3 has been predicted with an accuracy of 0.905078 and the detected Number plate text is RBUED
2023-05-12 16:59:44,524 No Number Plate found in Image-4
2023-05-12 17:00:22,311 Bounding box of Image-1 has been predicted with an accuracy of 0.911000 and the detected Number plate text is MH20BY3665
2023-05-12 17:00:22,703 Bounding box of Image-2 has been predicted with an accuracy of 0.909379 and the detected Number plate text is MH14EU3498
2023-05-12 17:00:23,115 Bounding box of Image-3 has been predicted with an accuracy of 0.905078 and the detected Number plate text is RBUED
2023-05-12 17:00:23,381 No Number Plate found in Image-4
2023-05-12 17:01:08,273 Bounding box of Image-1 has been predicted with an accuracy of 0.911000 and the detected Number plate text is MH20BY3665
2023-05-12 17:01:08,652 Bounding box of Image-2 has been predicted with an accuracy of 0.909379 and the detected Number plate text is MH14EU3498
2023-05-12 17:01:09,072 Bounding box of Image-3 has been predicted with an accuracy of 0.905078 and the detected Number plate text is RBUED
2023-05-12 17:01:09,311 No Number Plate found in Image-4
2023-05-12 17:01:09,684 Bounding box of Image-5 has been predicted with an accuracy of 0.890891 and the detected Number plate text is DL3CAY9324
2023-05-12 17:03:28,936 Bounding box of Image-1 has been predicted with an accuracy of 0.911000 and the detected Number plate text is MH20BY3665
2023-05-12 17:03:29,349 Bounding box of Image-2 has been predicted with an accuracy of 0.909379 and the detected Number plate text is MH14EU3498
2023-05-12 17:03:29,762 Bounding box of Image-3 has been predicted with an accuracy of 0.905078 and the detected Number plate text is RBUED
2023-05-12 17:03:30,060 No Number Plate found in Image-4
2023-05-12 17:03:30,449 Bounding box of Image-5 has been predicted with an accuracy of 0.890891 and the detected Number plate text is DL3CAY9324
2023-05-12 17:03:30,843 Bounding box of Image-5 has been predicted with an accuracy of 0.896551 and the detected Number plate text is GIW115A1138
2023-05-12 17:03:47,445 Bounding box of Image-1 has been predicted with an accuracy of 0.911000 and the detected Number plate text is MH20BY3665
2023-05-12 17:03:47,845 Bounding box of Image-2 has been predicted with an accuracy of 0.909379 and the detected Number plate text is MH14EU3498
2023-05-12 17:03:48,258 Bounding box of Image-3 has been predicted with an accuracy of 0.905078 and the detected Number plate text is RBUED
2023-05-12 17:03:48,513 No Number Plate found in Image-4
2023-05-12 17:03:48,902 Bounding box of Image-5 has been predicted with an accuracy of 0.890891 and the detected Number plate text is DL3CAY9324
2023-05-12 17:03:49,293 Bounding box of Image-6 has been predicted with an accuracy of 0.896551 and the detected Number plate text is GIW115A1138
2023-05-14 02:24:45,681 No Number Plate found in Image-4
2023-05-14 02:26:37,766 Bounding box of Image-1 has been predicted with an accuracy of 0.911001 and the detected Number plate text is MH20BY3665
2023-05-14 02:26:38,179 Bounding box of Image-2 has been predicted with an accuracy of 0.909379 and the detected Number plate text is MH14EU3498
2023-05-14 02:26:38,622 Bounding box of Image-3 has been predicted with an accuracy of 0.905078 and the detected Number plate text is ROVE
2023-05-14 02:26:38,912 No Number Plate found in Image-4
2023-05-14 02:26:39,328 Bounding box of Image-5 has been predicted with an accuracy of 0.890891 and the detected Number plate text is DL3CAY9324
2023-05-14 02:26:39,729 Bounding box of Image-6 has been predicted with an accuracy of 0.896551 and the detected Number plate text is GUW115A1138
2023-05-14 02:36:46,088 Bounding box of Image-1 has been predicted with an accuracy of 0.911001 and the detected Number plate text is MH20BY3665
2023-05-14 02:36:46,459 Bounding box of Image-2 has been predicted with an accuracy of 0.909379 and the detected Number plate text is MH14EU3498
2023-05-14 02:36:47,045 No Number Plate found in Image-4
2023-05-14 02:36:47,430 Bounding box of Image-5 has been predicted with an accuracy of 0.890891 and the detected Number plate text is DL3CAY9324
2023-05-14 02:37:13,419 Bounding box of Image-1 has been predicted with an accuracy of 0.911001 and the detected Number plate text is MH20BY3665
2023-05-14 02:37:13,757 Bounding box of Image-2 has been predicted with an accuracy of 0.909379 and the detected Number plate text is MH14EU3498
2023-05-14 02:37:14,303 No Number Plate found in Image-4
2023-05-14 02:37:14,637 Bounding box of Image-5 has been predicted with an accuracy of 0.890891 and the detected Number plate text is DL3CAY9324
